<?xml version="1.0" encoding="UTF-8"?>
<testng-results skipped="0" failed="0" total="1" passed="1">
  <reporter-output>
  </reporter-output>
  <suite name="Default suite" duration-ms="27485" started-at="2018-03-29T15:00:21Z" finished-at="2018-03-29T15:00:48Z">
    <groups>
    </groups>
    <test name="Default test" duration-ms="27485" started-at="2018-03-29T15:00:21Z" finished-at="2018-03-29T15:00:48Z">
      <class name="Test_Engine.NewTest">
        <test-method status="PASS" signature="test()" name="test" duration-ms="27483" started-at="2018-03-29T15:00:21Z" finished-at="2018-03-29T15:00:48Z">
        </test-method>
      </class>
    </test>
  </suite>
</testng-results>
